<?xml version="1.0" encoding="UTF-8"?>
<!-- Generated by org.testng.reporters.JUnitReportReporter -->
<testsuite hostname="HH13" failures="0" tests="3" name="utilities.ExcelUtility" time="8.650" errors="0" timestamp="2024-03-09T11:17:16 IST" skipped="0">
  <testcase classname="utilities.ExcelUtility" name="Inputdata" time="2.732"/>
  <system-out/>
  <testcase classname="utilities.ExcelUtility" name="Inputdata" time="1.886"/>
  <system-out/>
  <testcase classname="utilities.ExcelUtility" name="Inputdata" time="4.032"/>
  <system-out/>
</testsuite> <!-- utilities.ExcelUtility -->
