<?xml version="1.0" encoding="UTF-8"?>
<!-- Generated by org.testng.reporters.JUnitReportReporter -->
<testsuite hostname="HH13" failures="0" tests="2" name="tests.LoginPageTest" time="16.493" errors="0" timestamp="2024-03-09T11:17:16 IST" skipped="0">
  <testcase classname="tests.LoginPageTest" name="start_browser" time="12.848"/>
  <system-out/>
  <testcase classname="tests.LoginPageTest" name="test_user_login" time="3.645"/>
  <system-out/>
</testsuite> <!-- tests.LoginPageTest -->
