<?xml version="1.0" encoding="UTF-8"?>
<!-- Generated by org.testng.reporters.JUnitReportReporter -->
<testsuite hostname="HH13" failures="0" tests="2" name="tests.LoginPageTest" time="29.299" errors="0" timestamp="2024-03-07T14:49:38 IST" skipped="0">
  <testcase classname="tests.LoginPageTest" name="start_browser" time="9.658"/>
  <system-out/>
  <testcase classname="tests.LoginPageTest" name="test_user_login" time="19.641"/>
  <system-out/>
</testsuite> <!-- tests.LoginPageTest -->
