<?xml version="1.0" encoding="UTF-8"?>
<!-- Generated by org.testng.reporters.JUnitReportReporter -->
<testsuite hostname="HH13" failures="0" tests="3" name="utilities.ExcelUtility" time="14.283" errors="0" timestamp="2024-03-07T15:46:23 IST" skipped="0">
  <testcase classname="utilities.ExcelUtility" name="Inputdata" time="3.106"/>
  <system-out/>
  <testcase classname="utilities.ExcelUtility" name="Inputdata" time="3.170"/>
  <system-out/>
  <testcase classname="utilities.ExcelUtility" name="Inputdata" time="8.007"/>
  <system-out/>
</testsuite> <!-- utilities.ExcelUtility -->
