<?xml version="1.0" encoding="UTF-8"?>
<!-- Generated by org.testng.reporters.JUnitReportReporter -->
<testsuite hostname="HH13" failures="0" tests="2" name="utilities.MyListener" time="10.161" errors="0" timestamp="2024-03-09T12:54:38 IST" skipped="0">
  <testcase classname="utilities.MyListener" name="extentReportDemo" time="0.720"/>
  <system-out/>
  <testcase classname="utilities.MyListener" name="ListenersMethod" time="9.441"/>
  <system-out/>
</testsuite> <!-- utilities.MyListener -->
