<?xml version="1.0" encoding="UTF-8"?>
<!-- Generated by org.testng.reporters.JUnitReportReporter -->
<testsuite hostname="HH13" failures="0" tests="2" name="tests.LoginPageTest" time="23.296" errors="0" timestamp="2024-03-09T12:54:38 IST" skipped="0">
  <testcase classname="tests.LoginPageTest" name="start_browser" time="11.783"/>
  <system-out/>
  <testcase classname="tests.LoginPageTest" name="test_user_login" time="11.513"/>
  <system-out/>
</testsuite> <!-- tests.LoginPageTest -->
