<?xml version="1.0" encoding="UTF-8"?>
<!-- Generated by org.testng.reporters.JUnitReportReporter -->
<testsuite hostname="HH13" failures="0" tests="3" name="utilities.ExcelUtility" time="5.604" errors="0" timestamp="2024-03-09T12:54:38 IST" skipped="0">
  <testcase classname="utilities.ExcelUtility" name="Inputdata" time="1.848"/>
  <system-out/>
  <testcase classname="utilities.ExcelUtility" name="Inputdata" time="1.899"/>
  <system-out/>
  <testcase classname="utilities.ExcelUtility" name="Inputdata" time="1.857"/>
  <system-out/>
</testsuite> <!-- utilities.ExcelUtility -->
